
BASEML (in paml version 4.10.6, November 2022)  tmp0001.txt  HKY85 dGamma (ncatG=5)
Frequencies..
                                    T      C      A      G
sp1                            0.37393 0.18010 0.22127 0.22470 GC = 0.405
sp2                            0.35223 0.13058 0.26460 0.25258 GC = 0.383
sp3                            0.35223 0.12887 0.28522 0.23368 GC = 0.363
sp4                            0.37500 0.18167 0.22667 0.21667 GC = 0.398

Homogeneity statistic: X2 = 0.03263 G = 0.03263 

Average                        0.36344 0.15552 0.24925 0.23179
(Ambiguity characters are used to calculate freqs.)


# constant sites:    427 (70.11%)
Distances:HKY85 (kappa)  (alpha set at 0.50)
This matrix is not used in later m.l. analysis.

(Pairwise deletion.)
sp1              
sp2                0.420594 ( 2.8181)
sp3                0.445792 ( 2.7987)  0.199862 ( 5.3718)
sp4                0.005522 ( 1.2530)  0.420695 ( 2.8239)  0.445907 ( 2.8049)

TREE #  1:  ((2, 3), 4, 1);  MP score: -1.00
lnL(ntime:  5  np:  7):  -1536.437115    +0.000000
   5..6     6..2     6..3     5..4     5..1  
 0.420817 0.082943 0.117724 0.002887 0.002288 4.084216 0.327949
SEs for parameters:
 0.129673 0.031546 0.038324 0.003574 0.003542 1.032394 0.119547

tree length =   0.62666

((sp2, sp3), sp4, sp1);

((sp2: 0.082943, sp3: 0.117724): 0.420817, sp4: 0.002887, sp1: 0.002288);

Detailed output identifying parameters

Parameters (kappa) in the rate matrix (HKY85) (Yang 1994 J Mol Evol 39:105-111):
  4.08422

alpha (gamma, K=5) =  0.32795
rate:   0.00396  0.06269  0.29525  0.94689  3.69121
freq:   0.20000  0.20000  0.20000  0.20000  0.20000

